#
# A fatal error has been detected by the Java Runtime Environment:
#
#  SIGSEGV (0xb) at pc=0x00007fff6b29ce9d, pid=3166, tid=775
#
# JRE version: Java(TM) SE Runtime Environment (9.0+11) (build 9.0.1+11)
# Java VM: Java HotSpot(TM) 64-Bit Server VM (9.0.1+11, mixed mode, tiered, compressed oops, g1 gc, bsd-amd64)
# Problematic frame:
# C  [libobjc.A.dylib+0x6e9d]  objc_msgSend+0x1d
#
# No core dump will be written. Core dumps have been disabled. To enable core dumping, try "ulimit -c unlimited" before starting Java again
#
# If you would like to submit a bug report, please visit:
#   http://bugreport.java.com/bugreport/crash.jsp
# The crash happened outside the Java Virtual Machine in native code.
# See problematic frame for where to report the bug.
#

---------------  S U M M A R Y ------------

Command Line: -Djava.library.path=lib/natives -Dlog4j.ConfigurationFile=src/log4j.properties -Dfile.encoding=UTF-8 WindowGame

Host: MacBookAir5,2 x86_64 1800 MHz, 4 cores, 4G, Darwin 17.0.0
Time: Fri Dec  1 17:23:08 2017 CET elapsed time: 50 seconds (0d 0h 0m 50s)

---------------  T H R E A D  ---------------

Current thread (0x00007f9824330800):  JavaThread "AppKit Thread" daemon [_thread_in_native, id=775, stack(0x00007ffee935c000,0x00007ffee9b5c000)]

Stack: [0x00007ffee935c000,0x00007ffee9b5c000],  sp=0x00007ffee9b58058,  free space=8176k
Native frames: (J=compiled Java code, A=aot compiled Java code, j=interpreted, Vv=VM code, C=native code)
C  [libobjc.A.dylib+0x6e9d]  objc_msgSend+0x1d
C  [CoreFoundation+0x9f79c]  __CFRUNLOOP_IS_CALLING_OUT_TO_A_BLOCK__+0xc
C  [CoreFoundation+0x82713]  __CFRunLoopDoBlocks+0x113
C  [CoreFoundation+0x824d8]  __CFRunLoopRun+0xc38
C  [CoreFoundation+0x81607]  CFRunLoopRunSpecific+0x1e7
C  [HIToolbox+0x2f866]  RunCurrentEventLoopInMode+0x11e
C  [HIToolbox+0x2f5d6]  ReceiveNextEventCommon+0x265
C  [HIToolbox+0x2f354]  _BlockUntilNextEventMatchingListInModeWithFilter+0x40
C  [AppKit+0x419f7]  _DPSNextEvent+0x825
C  [AppKit+0x7d6d98]  -[NSApplication(NSEvent) _nextEventMatchingEventMask:untilDate:inMode:dequeue:]+0xbe4
C  [libosxapp.dylib+0x1f3d]  -[NSApplicationAWT nextEventMatchingMask:untilDate:inMode:dequeue:]+0x7a
C  [AppKit+0x36805]  -[NSApplication run]+0x2fc
C  [libosxapp.dylib+0x1d3a]  +[NSApplicationAWT runAWTLoopWithApp:]+0x9d
C  [libawt_lwawt.dylib+0x3a544]  +[AWTStarter starter:headless:]+0x342
C  [JavaNativeFoundation+0x6f4a]  +[JNFRunLoop _performCopiedBlock:]+0x11
C  [Foundation+0x68985]  __NSThreadPerformPerform+0x14e
C  [CoreFoundation+0x9f941]  __CFRUNLOOP_IS_CALLING_OUT_TO_A_SOURCE0_PERFORM_FUNCTION__+0x11
C  [CoreFoundation+0x15733c]  __CFRunLoopDoSource0+0x6c
C  [CoreFoundation+0x82930]  __CFRunLoopDoSources0+0xd0
C  [CoreFoundation+0x81dad]  __CFRunLoopRun+0x50d
C  [CoreFoundation+0x81607]  CFRunLoopRunSpecific+0x1e7
C  [java+0x6b2e]  CreateExecutionEnvironment+0x35c
C  [java+0x2c65]  JLI_Launch+0x5a9
C  [java+0x1b62]  main+0x186
C  [java+0x19d4]  start+0x34
C  0x0000000000000007


siginfo: si_signo: 11 (SIGSEGV), si_code: 1 (SEGV_MAPERR), si_addr: 0x0000000000000018

Register to memory mapping:

RAX=0x00007f9823f7d340 is an unknown value
RBX=0x00007f9823fb6de0 is an unknown value
RCX=0x00007f9824914070 is an unknown value
RDX=0x00007f9823d0ee20 is an unknown value
RSP=0x00007ffee9b58058 is pointing into the stack for thread: 0x00007f9824330800
RBP=0x00007ffee9b58070 is pointing into the stack for thread: 0x00007f9824330800
RSI=0x00007fff42b34203: .str.41.llvm.774BAF9B+0x3a041 in /System/Library/Frameworks/AppKit.framework/Versions/C/AppKit at 0x00007fff41e66000
RDI=0x00007f9823ddea80 is an unknown value
R8 =0x0000000000000000 is an unknown value
R9 =0x00007f9823f7e9b0 is an unknown value
R10=0x0000000000000000 is an unknown value
R11=0x00007fff42b34203: .str.41.llvm.774BAF9B+0x3a041 in /System/Library/Frameworks/AppKit.framework/Versions/C/AppKit at 0x00007fff41e66000
R12=0x00007f9823d0eca0 is an unknown value
R13=0x00007f9823fb6de0 is an unknown value
R14=0x00007f9824914068 is an unknown value
R15=0x0000000000000000 is an unknown value


Registers:
RAX=0x00007f9823f7d340, RBX=0x00007f9823fb6de0, RCX=0x00007f9824914070, RDX=0x00007f9823d0ee20
RSP=0x00007ffee9b58058, RBP=0x00007ffee9b58070, RSI=0x00007fff42b34203, RDI=0x00007f9823ddea80
R8 =0x0000000000000000, R9 =0x00007f9823f7e9b0, R10=0x0000000000000000, R11=0x00007fff42b34203
R12=0x00007f9823d0eca0, R13=0x00007f9823fb6de0, R14=0x00007f9824914068, R15=0x0000000000000000
RIP=0x00007fff6b29ce9d, EFLAGS=0x0000000000010246, ERR=0x0000000000000004
  TRAPNO=0x000000000000000e

Top of Stack: (sp=0x00007ffee9b58058)
0x00007ffee9b58058:   00007fff42785def 00007f9823d0ee20
0x00007ffee9b58068:   0000000000000000 00007ffee9b58080
0x00007ffee9b58078:   00007fff448b379c 00007ffee9b58100
0x00007ffee9b58088:   00007fff44896713 0000000000001203
0x00007ffee9b58098:   00007fff9ebcb158 00007f9823d0ee30
0x00007ffee9b580a8:   00007f9823d0ecb0 00007f9823d0eda0
0x00007ffee9b580b8:   00007f9823d0ee20 00007f9823d0eca0
0x00007ffee9b580c8:   0000000000000000 0000000000000000
0x00007ffee9b580d8:   00007f9823d0ee20 00007f9823d0eca8
0x00007ffee9b580e8:   0000000000000001 0000000000001203
0x00007ffee9b580f8:   00007f9823d0eca0 00007ffee9b58df0
0x00007ffee9b58108:   00007fff448964d8 00007fff42b34203
0x00007ffee9b58118:   0000000000000e03 0000000000001203
0x00007ffee9b58128:   00007f9823c9afd0 00007fff9ecc05b0
0x00007ffee9b58138:   00007fff42b3708f 00007fff42b3ea7b
0x00007ffee9b58148:   00007fff42b341a9 0000000000000000
0x00007ffee9b58158:   ffffffffffffffff 0000000000000000
0x00007ffee9b58168:   00007f9823c9afe0 00000001e9b581a0
0x00007ffee9b58178:   00007f9823d0ee30 00007f9823d0ecb0
0x00007ffee9b58188:   0000000000000000 00007ffee9b581c0
0x00007ffee9b58198:   0000000100000e03 0000000000000001
0x00007ffee9b581a8:   000012039ecc05b0 00007f9824914068
0x00007ffee9b581b8:   0100000000001203 0000001800001100
0x00007ffee9b581c8:   0000120300000000 0000004e00000000
0x00007ffee9b581d8:   0000004400000000 000001f500000016
0x00007ffee9b581e8:   000001f500000014 00000014000001f5
0x00007ffee9b581f8:   00000014000001f5 000186a800000c5e
0x00007ffee9b58208:   0000000000000c5f 0000000000000000
0x00007ffee9b58218:   0000000000000000 0000000000000001
0x00007ffee9b58228:   0000000000000001 0175f95000000000
0x00007ffee9b58238:   aff108aa33140b62 0000000000000017
0x00007ffee9b58248:   00007fff9e960988 ffffffffffffffff 

Instructions: (pc=0x00007fff6b29ce9d)
0x00007fff6b29ce7d:   0f 1f 00 48 85 ff 2e 74 62 40 f6 c7 01 2e 75 66
0x00007fff6b29ce8d:   49 ba f8 ff ff ff ff 7f 00 00 4c 23 17 49 89 f3
0x00007fff6b29ce9d:   45 23 5a 18 49 c1 e3 04 4d 03 5a 10 49 3b 33 75
0x00007fff6b29cead:   04 41 ff 63 08 49 83 3b 01 76 0d 49 83 c3 10 49 


---------------  P R O C E S S  ---------------

Java Threads: ( => current thread )
  0x00007f9824548800 JavaThread "AWT-Shutdown" [_thread_blocked, id=37171, stack(0x0000700003908000,0x0000700003a08000)]
  0x00007f9824d59800 JavaThread "Java2D Queue Flusher" daemon [_thread_blocked, id=70407, stack(0x0000700003c97000,0x0000700003d97000)]
  0x00007f98243b7000 JavaThread "Java2D Disposer" daemon [_thread_blocked, id=66315, stack(0x0000700003b94000,0x0000700003c94000)]
=>0x00007f9824330800 JavaThread "AppKit Thread" daemon [_thread_in_native, id=775, stack(0x00007ffee935c000,0x00007ffee9b5c000)]
  0x00007f9825041800 JavaThread "Service Thread" daemon [_thread_blocked, id=24323, stack(0x000070000367f000,0x000070000377f000)]
  0x00007f9824045800 JavaThread "Common-Cleaner" daemon [_thread_blocked, id=23811, stack(0x000070000357c000,0x000070000367c000)]
  0x00007f9825801000 JavaThread "Sweeper thread" daemon [_thread_blocked, id=23299, stack(0x0000700003479000,0x0000700003579000)]
  0x00007f9824054000 JavaThread "C1 CompilerThread2" daemon [_thread_blocked, id=22787, stack(0x0000700003376000,0x0000700003476000)]
  0x00007f9824053000 JavaThread "C2 CompilerThread1" daemon [_thread_blocked, id=22275, stack(0x0000700003273000,0x0000700003373000)]
  0x00007f9824052000 JavaThread "C2 CompilerThread0" daemon [_thread_blocked, id=21763, stack(0x0000700003170000,0x0000700003270000)]
  0x00007f9824051800 JavaThread "Signal Dispatcher" daemon [_thread_blocked, id=21259, stack(0x000070000306d000,0x000070000316d000)]
  0x00007f982403f000 JavaThread "Finalizer" daemon [_thread_blocked, id=17923, stack(0x0000700002f6a000,0x000070000306a000)]
  0x00007f9825055800 JavaThread "Reference Handler" daemon [_thread_blocked, id=17411, stack(0x0000700002e67000,0x0000700002f67000)]
  0x00007f9825802000 JavaThread "main" [_thread_in_native, id=6915, stack(0x0000700002140000,0x0000700002240000)]

Other Threads:
  0x00007f982503e000 VMThread "VM Thread" [stack: 0x0000700002d64000,0x0000700002e64000] [id=16899]
  0x00007f982504f000 WatcherThread [stack: 0x0000700003782000,0x0000700003882000] [id=24835]
  0x00007f9825007000 GCTaskThread "GC Thread#0" [stack: 0x0000700002243000,0x0000700002343000] [id=10755]
  0x00007f9824810800 GCTaskThread "GC Thread#1" [stack: 0x0000700002346000,0x0000700002446000] [id=11267]
  0x00007f982580b000 GCTaskThread "GC Thread#2" [stack: 0x0000700002449000,0x0000700002549000] [id=11779]
  0x00007f9825007800 GCTaskThread "GC Thread#3" [stack: 0x000070000254c000,0x000070000264c000] [id=12291]
  0x00007f982501c800 ConcurrentGCThread "G1 Main Marker" [stack: 0x0000700002b5e000,0x0000700002c5e000] [id=15363]
  0x00007f982501d000 ConcurrentGCThread "G1 Marker#0" [stack: 0x0000700002c61000,0x0000700002d61000] [id=16387]
  0x00007f982580d800 ConcurrentGCThread "G1 Refine#0" [stack: 0x0000700002958000,0x0000700002a58000] [id=14339]
  0x00007f982580d000 ConcurrentGCThread "G1 Refine#1" [stack: 0x0000700002855000,0x0000700002955000] [id=13827]
  0x00007f982580c000 ConcurrentGCThread "G1 Refine#2" [stack: 0x0000700002752000,0x0000700002852000] [id=13315]
  0x00007f982580b800 ConcurrentGCThread "G1 Refine#3" [stack: 0x000070000264f000,0x000070000274f000] [id=12803]
  0x00007f9825008000 ConcurrentGCThread "G1 Young RemSet Sampling" [stack: 0x0000700002a5b000,0x0000700002b5b000] [id=14851]

Threads with active compile tasks:

VM state:not at safepoint (normal execution)

VM Mutex/Monitor currently owned by a thread: None

Heap address: 0x0000000780000000, size: 1024 MB, Compressed Oops mode: Zero based, Oop shift amount: 3
Narrow klass base: 0x0000000000000000, Narrow klass shift: 3
Compressed class space size: 1073741824 Address: 0x00000007c0000000

Heap:
 garbage-first heap   total 121856K, used 40003K [0x0000000780000000, 0x00000007801003b8, 0x00000007c0000000)
  region size 1024K, 20 young (20480K), 3 survivors (3072K)
 Metaspace       used 22065K, capacity 22957K, committed 23168K, reserved 1071104K
  class space    used 2218K, capacity 2429K, committed 2432K, reserved 1048576K
Heap Regions: E=young(eden), S=young(survivor), O=old, HS=humongous(starts), HC=humongous(continues), CS=collection set, F=free, A=archive, TS=gc time stamp, AC=allocation context, TAMS=top-at-mark-start (previous, next)
|   0|0x0000000780000000, 0x0000000780100000, 0x0000000780100000|100%| O|  |TS  0|AC  0|TAMS 0x0000000780100000, 0x0000000780100000|
|   1|0x0000000780100000, 0x0000000780200000, 0x0000000780200000|100%| O|  |TS  0|AC  0|TAMS 0x0000000780200000, 0x0000000780200000|
|   2|0x0000000780200000, 0x0000000780300000, 0x0000000780300000|100%|HS|  |TS  0|AC  0|TAMS 0x0000000780300000, 0x0000000780300000|
|   3|0x0000000780300000, 0x0000000780400000, 0x0000000780400000|100%|HC|  |TS  0|AC  0|TAMS 0x0000000780400000, 0x0000000780400000|
|   4|0x0000000780400000, 0x0000000780500000, 0x0000000780500000|100%|HC|  |TS  0|AC  0|TAMS 0x0000000780500000, 0x0000000780500000|
|   5|0x0000000780500000, 0x0000000780600000, 0x0000000780600000|100%|HC|  |TS  0|AC  0|TAMS 0x0000000780600000, 0x0000000780600000|
|   6|0x0000000780600000, 0x0000000780700000, 0x0000000780700000|100%|HC|  |TS  0|AC  0|TAMS 0x0000000780700000, 0x0000000780700000|
|   7|0x0000000780700000, 0x0000000780800000, 0x0000000780800000|100%|HC|  |TS  0|AC  0|TAMS 0x0000000780800000, 0x0000000780800000|
|   8|0x0000000780800000, 0x0000000780900000, 0x0000000780900000|100%|HC|  |TS  0|AC  0|TAMS 0x0000000780900000, 0x0000000780900000|
|   9|0x0000000780900000, 0x0000000780a00000, 0x0000000780a00000|100%|HC|  |TS  0|AC  0|TAMS 0x0000000780a00000, 0x0000000780a00000|
|  10|0x0000000780a00000, 0x0000000780b00000, 0x0000000780b00000|100%|HC|  |TS  0|AC  0|TAMS 0x0000000780b00000, 0x0000000780b00000|
|  11|0x0000000780b00000, 0x0000000780c00000, 0x0000000780c00000|100%|HC|  |TS  0|AC  0|TAMS 0x0000000780c00000, 0x0000000780c00000|
|  12|0x0000000780c00000, 0x0000000780d00000, 0x0000000780d00000|100%|HC|  |TS  0|AC  0|TAMS 0x0000000780d00000, 0x0000000780d00000|
|  13|0x0000000780d00000, 0x0000000780e00000, 0x0000000780e00000|100%|HC|  |TS  0|AC  0|TAMS 0x0000000780e00000, 0x0000000780e00000|
|  14|0x0000000780e00000, 0x0000000780f00000, 0x0000000780f00000|100%| O|  |TS  0|AC  0|TAMS 0x0000000780f00000, 0x0000000780f00000|
|  15|0x0000000780f00000, 0x0000000781000000, 0x0000000781000000|100%| O|  |TS  0|AC  0|TAMS 0x0000000781000000, 0x0000000781000000|
|  16|0x0000000781000000, 0x0000000781000000, 0x0000000781100000|  0%| F|  |TS  5|AC  0|TAMS 0x0000000781000000, 0x0000000781000000|
|  17|0x0000000781100000, 0x0000000781100000, 0x0000000781200000|  0%| F|  |TS  5|AC  0|TAMS 0x0000000781100000, 0x0000000781100000|
|  18|0x0000000781200000, 0x0000000781200000, 0x0000000781300000|  0%| F|  |TS  5|AC  0|TAMS 0x0000000781200000, 0x0000000781200000|
|  19|0x0000000781300000, 0x0000000781300000, 0x0000000781400000|  0%| F|  |TS  5|AC  0|TAMS 0x0000000781300000, 0x0000000781300000|
|  20|0x0000000781400000, 0x0000000781400000, 0x0000000781500000|  0%| F|  |TS  5|AC  0|TAMS 0x0000000781400000, 0x0000000781400000|
|  21|0x0000000781500000, 0x0000000781500000, 0x0000000781600000|  0%| F|  |TS  5|AC  0|TAMS 0x0000000781500000, 0x0000000781500000|
|  22|0x0000000781600000, 0x0000000781600000, 0x0000000781700000|  0%| F|  |TS  5|AC  0|TAMS 0x0000000781600000, 0x0000000781600000|
|  23|0x0000000781700000, 0x0000000781700000, 0x0000000781800000|  0%| F|  |TS  5|AC  0|TAMS 0x0000000781700000, 0x0000000781700000|
|  24|0x0000000781800000, 0x0000000781800000, 0x0000000781900000|  0%| F|  |TS  5|AC  0|TAMS 0x0000000781800000, 0x0000000781800000|
|  25|0x0000000781900000, 0x0000000781900000, 0x0000000781a00000|  0%| F|  |TS  5|AC  0|TAMS 0x0000000781900000, 0x0000000781900000|
|  26|0x0000000781a00000, 0x0000000781a00000, 0x0000000781b00000|  0%| F|  |TS  5|AC  0|TAMS 0x0000000781a00000, 0x0000000781a00000|
|  27|0x0000000781b00000, 0x0000000781b00000, 0x0000000781c00000|  0%| F|  |TS  3|AC  0|TAMS 0x0000000781b00000, 0x0000000781b00000|
|  28|0x0000000781c00000, 0x0000000781c00000, 0x0000000781d00000|  0%| F|  |TS  3|AC  0|TAMS 0x0000000781c00000, 0x0000000781c00000|
|  29|0x0000000781d00000, 0x0000000781d00000, 0x0000000781e00000|  0%| F|  |TS  3|AC  0|TAMS 0x0000000781d00000, 0x0000000781d00000|
|  30|0x0000000781e00000, 0x0000000781e00000, 0x0000000781f00000|  0%| F|  |TS  3|AC  0|TAMS 0x0000000781e00000, 0x0000000781e00000|
|  31|0x0000000781f00000, 0x0000000781f00000, 0x0000000782000000|  0%| F|  |TS  3|AC  0|TAMS 0x0000000781f00000, 0x0000000781f00000|
|  32|0x0000000782000000, 0x0000000782000000, 0x0000000782100000|  0%| F|  |TS  0|AC  0|TAMS 0x0000000782000000, 0x0000000782000000|
|  33|0x0000000782100000, 0x0000000782100000, 0x0000000782200000|  0%| F|  |TS  0|AC  0|TAMS 0x0000000782100000, 0x0000000782100000|
|  34|0x0000000782200000, 0x0000000782200000, 0x0000000782300000|  0%| F|  |TS  0|AC  0|TAMS 0x0000000782200000, 0x0000000782200000|
|  35|0x0000000782300000, 0x0000000782300000, 0x0000000782400000|  0%| F|  |TS  0|AC  0|TAMS 0x0000000782300000, 0x0000000782300000|
|  36|0x0000000782400000, 0x0000000782400000, 0x0000000782500000|  0%| F|  |TS  0|AC  0|TAMS 0x0000000782400000, 0x0000000782400000|
|  37|0x0000000782500000, 0x0000000782500000, 0x0000000782600000|  0%| F|  |TS  0|AC  0|TAMS 0x0000000782500000, 0x0000000782500000|
|  38|0x0000000782600000, 0x0000000782600000, 0x0000000782700000|  0%| F|  |TS  0|AC  0|TAMS 0x0000000782600000, 0x0000000782600000|
|  39|0x0000000782700000, 0x0000000782700000, 0x0000000782800000|  0%| F|  |TS  0|AC  0|TAMS 0x0000000782700000, 0x0000000782700000|
|  40|0x0000000782800000, 0x00000007828a7ee8, 0x0000000782900000| 65%| S|CS|TS  9|AC  0|TAMS 0x0000000782800000, 0x0000000782800000|
|  41|0x0000000782900000, 0x0000000782a00000, 0x0000000782a00000|100%| S|CS|TS  9|AC  0|TAMS 0x0000000782900000, 0x0000000782900000|
|  42|0x0000000782a00000, 0x0000000782b00000, 0x0000000782b00000|100%| S|CS|TS  9|AC  0|TAMS 0x0000000782a00000, 0x0000000782a00000|
|  43|0x0000000782b00000, 0x0000000782b00000, 0x0000000782c00000|  0%| F|  |TS  9|AC  0|TAMS 0x0000000782b00000, 0x0000000782b00000|
|  44|0x0000000782c00000, 0x0000000782c00000, 0x0000000782d00000|  0%| F|  |TS  9|AC  0|TAMS 0x0000000782c00000, 0x0000000782c00000|
|  45|0x0000000782d00000, 0x0000000782d00000, 0x0000000782e00000|  0%| F|  |TS  9|AC  0|TAMS 0x0000000782d00000, 0x0000000782d00000|
|  46|0x0000000782e00000, 0x0000000782e00000, 0x0000000782f00000|  0%| F|  |TS  9|AC  0|TAMS 0x0000000782e00000, 0x0000000782e00000|
|  47|0x0000000782f00000, 0x0000000782f00000, 0x0000000783000000|  0%| F|  |TS  9|AC  0|TAMS 0x0000000782f00000, 0x0000000782f00000|
|  48|0x0000000783000000, 0x0000000783000000, 0x0000000783100000|  0%| F|  |TS  9|AC  0|TAMS 0x0000000783000000, 0x0000000783000000|
|  49|0x0000000783100000, 0x0000000783100000, 0x0000000783200000|  0%| F|  |TS  9|AC  0|TAMS 0x0000000783100000, 0x0000000783100000|
|  50|0x0000000783200000, 0x0000000783200000, 0x0000000783300000|  0%| F|  |TS  9|AC  0|TAMS 0x0000000783200000, 0x0000000783200000|
|  51|0x0000000783300000, 0x0000000783300000, 0x0000000783400000|  0%| F|  |TS  9|AC  0|TAMS 0x0000000783300000, 0x0000000783300000|
|  52|0x0000000783400000, 0x0000000783400000, 0x0000000783500000|  0%| F|  |TS  9|AC  0|TAMS 0x0000000783400000, 0x0000000783400000|
|  53|0x0000000783500000, 0x0000000783500000, 0x0000000783600000|  0%| F|  |TS  9|AC  0|TAMS 0x0000000783500000, 0x0000000783500000|
|  54|0x0000000783600000, 0x0000000783600000, 0x0000000783700000|  0%| F|  |TS  9|AC  0|TAMS 0x0000000783600000, 0x0000000783600000|
|  55|0x0000000783700000, 0x0000000783700000, 0x0000000783800000|  0%| F|  |TS  9|AC  0|TAMS 0x0000000783700000, 0x0000000783700000|
|  56|0x0000000783800000, 0x0000000783800000, 0x0000000783900000|  0%| F|  |TS  9|AC  0|TAMS 0x0000000783800000, 0x0000000783800000|
|  57|0x0000000783900000, 0x0000000783900000, 0x0000000783a00000|  0%| F|  |TS  9|AC  0|TAMS 0x0000000783900000, 0x0000000783900000|
|  58|0x0000000783a00000, 0x0000000783a00000, 0x0000000783b00000|  0%| F|  |TS  9|AC  0|TAMS 0x0000000783a00000, 0x0000000783a00000|
|  59|0x0000000783b00000, 0x0000000783b00000, 0x0000000783c00000|  0%| F|  |TS  9|AC  0|TAMS 0x0000000783b00000, 0x0000000783b00000|
|  60|0x0000000783c00000, 0x0000000783c00000, 0x0000000783d00000|  0%| F|  |TS  9|AC  0|TAMS 0x0000000783c00000, 0x0000000783c00000|
|  61|0x0000000783d00000, 0x0000000783d00000, 0x0000000783e00000|  0%| F|  |TS  9|AC  0|TAMS 0x0000000783d00000, 0x0000000783d00000|
|  62|0x0000000783e00000, 0x0000000783e00000, 0x0000000783f00000|  0%| F|  |TS  9|AC  0|TAMS 0x0000000783e00000, 0x0000000783e00000|
|  63|0x0000000783f00000, 0x0000000783f00000, 0x0000000784000000|  0%| F|  |TS  9|AC  0|TAMS 0x0000000783f00000, 0x0000000783f00000|
|  64|0x0000000784000000, 0x0000000784000000, 0x0000000784100000|  0%| F|  |TS  9|AC  0|TAMS 0x0000000784000000, 0x0000000784000000|
|  65|0x0000000784100000, 0x0000000784200000, 0x0000000784200000|100%| O|  |TS  0|AC  0|TAMS 0x0000000784200000, 0x0000000784200000|
|  66|0x0000000784200000, 0x0000000784300000, 0x0000000784300000|100%| O|  |TS  0|AC  0|TAMS 0x0000000784300000, 0x0000000784300000|
|  67|0x0000000784300000, 0x0000000784400000, 0x0000000784400000|100%| O|  |TS  0|AC  0|TAMS 0x0000000784400000, 0x0000000784400000|
|  68|0x0000000784400000, 0x0000000784500000, 0x0000000784500000|100%| O|  |TS  0|AC  0|TAMS 0x0000000784500000, 0x0000000784500000|
|  69|0x0000000784500000, 0x0000000784569000, 0x0000000784600000| 41%| O|  |TS  9|AC  0|TAMS 0x0000000784566e00, 0x0000000784566e00|
|  70|0x0000000784600000, 0x0000000784600000, 0x0000000784700000|  0%| F|  |TS  9|AC  0|TAMS 0x0000000784600000, 0x0000000784600000|
|  71|0x0000000784700000, 0x0000000784700000, 0x0000000784800000|  0%| F|  |TS  9|AC  0|TAMS 0x0000000784700000, 0x0000000784700000|
|  72|0x0000000784800000, 0x0000000784800000, 0x0000000784900000|  0%| F|  |TS  9|AC  0|TAMS 0x0000000784800000, 0x0000000784800000|
|  73|0x0000000784900000, 0x0000000784900000, 0x0000000784a00000|  0%| F|  |TS  9|AC  0|TAMS 0x0000000784900000, 0x0000000784900000|
|  74|0x0000000784a00000, 0x0000000784a00000, 0x0000000784b00000|  0%| F|  |TS  9|AC  0|TAMS 0x0000000784a00000, 0x0000000784a00000|
|  75|0x0000000784b00000, 0x0000000784b00000, 0x0000000784c00000|  0%| F|  |TS  9|AC  0|TAMS 0x0000000784b00000, 0x0000000784b00000|
|  76|0x0000000784c00000, 0x0000000784c00000, 0x0000000784d00000|  0%| F|  |TS  9|AC  0|TAMS 0x0000000784c00000, 0x0000000784c00000|
|  77|0x0000000784d00000, 0x0000000784d00000, 0x0000000784e00000|  0%| F|  |TS  9|AC  0|TAMS 0x0000000784d00000, 0x0000000784d00000|
|  78|0x0000000784e00000, 0x0000000784e00000, 0x0000000784f00000|  0%| F|  |TS  9|AC  0|TAMS 0x0000000784e00000, 0x0000000784e00000|
|  79|0x0000000784f00000, 0x0000000784f00000, 0x0000000785000000|  0%| F|  |TS  9|AC  0|TAMS 0x0000000784f00000, 0x0000000784f00000|
|  80|0x0000000785000000, 0x0000000785000000, 0x0000000785100000|  0%| F|  |TS  9|AC  0|TAMS 0x0000000785000000, 0x0000000785000000|
|  81|0x0000000785100000, 0x0000000785100000, 0x0000000785200000|  0%| F|  |TS  9|AC  0|TAMS 0x0000000785100000, 0x0000000785100000|
|  82|0x0000000785200000, 0x0000000785200000, 0x0000000785300000|  0%| F|  |TS  9|AC  0|TAMS 0x0000000785200000, 0x0000000785200000|
|  83|0x0000000785300000, 0x0000000785300000, 0x0000000785400000|  0%| F|  |TS  9|AC  0|TAMS 0x0000000785300000, 0x0000000785300000|
|  84|0x0000000785400000, 0x0000000785400000, 0x0000000785500000|  0%| F|  |TS  9|AC  0|TAMS 0x0000000785400000, 0x0000000785400000|
|  85|0x0000000785500000, 0x0000000785500000, 0x0000000785600000|  0%| F|  |TS  9|AC  0|TAMS 0x0000000785500000, 0x0000000785500000|
|  86|0x0000000785600000, 0x0000000785600000, 0x0000000785700000|  0%| F|  |TS  9|AC  0|TAMS 0x0000000785600000, 0x0000000785600000|
|  87|0x0000000785700000, 0x0000000785700000, 0x0000000785800000|  0%| F|  |TS  9|AC  0|TAMS 0x0000000785700000, 0x0000000785700000|
|  88|0x0000000785800000, 0x0000000785800000, 0x0000000785900000|  0%| F|  |TS  9|AC  0|TAMS 0x0000000785800000, 0x0000000785800000|
|  89|0x0000000785900000, 0x0000000785900000, 0x0000000785a00000|  0%| F|  |TS  9|AC  0|TAMS 0x0000000785900000, 0x0000000785900000|
|  90|0x0000000785a00000, 0x0000000785a00000, 0x0000000785b00000|  0%| F|  |TS  9|AC  0|TAMS 0x0000000785a00000, 0x0000000785a00000|
|  91|0x0000000785b00000, 0x0000000785b00000, 0x0000000785c00000|  0%| F|  |TS  9|AC  0|TAMS 0x0000000785b00000, 0x0000000785b00000|
|  92|0x0000000785c00000, 0x0000000785c00000, 0x0000000785d00000|  0%| F|  |TS  9|AC  0|TAMS 0x0000000785c00000, 0x0000000785c00000|
|  93|0x0000000785d00000, 0x0000000785d00000, 0x0000000785e00000|  0%| F|  |TS  9|AC  0|TAMS 0x0000000785d00000, 0x0000000785d00000|
|  94|0x0000000785e00000, 0x0000000785e00000, 0x0000000785f00000|  0%| F|  |TS  9|AC  0|TAMS 0x0000000785e00000, 0x0000000785e00000|
|  95|0x0000000785f00000, 0x0000000785f00000, 0x0000000786000000|  0%| F|  |TS  9|AC  0|TAMS 0x0000000785f00000, 0x0000000785f00000|
|  96|0x0000000786000000, 0x0000000786000000, 0x0000000786100000|  0%| F|  |TS  9|AC  0|TAMS 0x0000000786000000, 0x0000000786000000|
|  97|0x0000000786100000, 0x0000000786100000, 0x0000000786200000|  0%| F|  |TS  9|AC  0|TAMS 0x0000000786100000, 0x0000000786100000|
|  98|0x0000000786200000, 0x0000000786200000, 0x0000000786300000|  0%| F|  |TS  9|AC  0|TAMS 0x0000000786200000, 0x0000000786200000|
|  99|0x0000000786300000, 0x0000000786300000, 0x0000000786400000|  0%| F|  |TS  9|AC  0|TAMS 0x0000000786300000, 0x0000000786300000|
| 100|0x0000000786400000, 0x0000000786400000, 0x0000000786500000|  0%| F|  |TS  9|AC  0|TAMS 0x0000000786400000, 0x0000000786400000|
| 101|0x0000000786500000, 0x0000000786500000, 0x0000000786600000|  0%| F|  |TS  9|AC  0|TAMS 0x0000000786500000, 0x0000000786500000|
| 102|0x0000000786600000, 0x0000000786680800, 0x0000000786700000| 50%| E|  |TS  9|AC  0|TAMS 0x0000000786600000, 0x0000000786600000|
| 103|0x0000000786700000, 0x0000000786800000, 0x0000000786800000|100%| E|CS|TS  9|AC  0|TAMS 0x0000000786700000, 0x0000000786700000|
| 104|0x0000000786800000, 0x0000000786900000, 0x0000000786900000|100%| E|CS|TS  9|AC  0|TAMS 0x0000000786800000, 0x0000000786800000|
| 105|0x0000000786900000, 0x0000000786a00000, 0x0000000786a00000|100%| E|CS|TS  9|AC  0|TAMS 0x0000000786900000, 0x0000000786900000|
| 106|0x0000000786a00000, 0x0000000786b00000, 0x0000000786b00000|100%| E|CS|TS  9|AC  0|TAMS 0x0000000786a00000, 0x0000000786a00000|
| 107|0x0000000786b00000, 0x0000000786c00000, 0x0000000786c00000|100%| E|CS|TS  9|AC  0|TAMS 0x0000000786b00000, 0x0000000786b00000|
| 108|0x0000000786c00000, 0x0000000786d00000, 0x0000000786d00000|100%| E|CS|TS  9|AC  0|TAMS 0x0000000786c00000, 0x0000000786c00000|
| 109|0x0000000786d00000, 0x0000000786e00000, 0x0000000786e00000|100%| E|CS|TS  9|AC  0|TAMS 0x0000000786d00000, 0x0000000786d00000|
| 110|0x0000000786e00000, 0x0000000786f00000, 0x0000000786f00000|100%| E|CS|TS  9|AC  0|TAMS 0x0000000786e00000, 0x0000000786e00000|
| 111|0x0000000786f00000, 0x0000000787000000, 0x0000000787000000|100%| E|CS|TS  9|AC  0|TAMS 0x0000000786f00000, 0x0000000786f00000|
| 112|0x0000000787000000, 0x0000000787100000, 0x0000000787100000|100%| E|CS|TS  9|AC  0|TAMS 0x0000000787000000, 0x0000000787000000|
| 113|0x0000000787100000, 0x0000000787200000, 0x0000000787200000|100%| E|CS|TS  9|AC  0|TAMS 0x0000000787100000, 0x0000000787100000|
| 114|0x0000000787200000, 0x0000000787300000, 0x0000000787300000|100%| E|CS|TS  9|AC  0|TAMS 0x0000000787200000, 0x0000000787200000|
| 115|0x0000000787300000, 0x0000000787400000, 0x0000000787400000|100%| E|CS|TS  9|AC  0|TAMS 0x0000000787300000, 0x0000000787300000|
| 116|0x0000000787400000, 0x0000000787500000, 0x0000000787500000|100%| E|CS|TS  9|AC  0|TAMS 0x0000000787400000, 0x0000000787400000|
| 117|0x0000000787500000, 0x0000000787600000, 0x0000000787600000|100%| E|CS|TS  9|AC  0|TAMS 0x0000000787500000, 0x0000000787500000|
| 118|0x0000000787600000, 0x0000000787700000, 0x0000000787700000|100%| E|CS|TS  9|AC  0|TAMS 0x0000000787600000, 0x0000000787600000|

Card table byte_map: [0x0000000108078000,0x0000000108278000] byte_map_base: 0x0000000104478000

Marking Bits (Prev, Next): (CMBitMap*) 0x00007f982501bc70, (CMBitMap*) 0x00007f982501bca8
 Prev Bits: [0x0000000108478000, 0x0000000109478000)
 Next Bits: [0x0000000109478000, 0x000000010a478000)

Polling page: 0x0000000106119000

CodeHeap 'non-profiled nmethods': size=120032Kb used=2783Kb max_used=2783Kb free=117248Kb
 bounds [0x000000011d2ab000, 0x000000011d56b000, 0x00000001247e3000]
CodeHeap 'profiled nmethods': size=120032Kb used=6986Kb max_used=6986Kb free=113045Kb
 bounds [0x0000000115d73000, 0x0000000116463000, 0x000000011d2ab000]
CodeHeap 'non-nmethods': size=5696Kb used=1399Kb max_used=1458Kb free=4296Kb
 bounds [0x00000001157e3000, 0x0000000115a53000, 0x0000000115d73000]
 total_blobs=4391 nmethods=2714 adapters=594
 compilation: enabled

Compilation events (10 events):
Event: 49.965 Thread 0x00007f9824054000 2900       1       java.util.concurrent.atomic.AtomicLong::compareAndSet (13 bytes)
Event: 49.965 Thread 0x00007f9824054000 nmethod 2900 0x000000011d562810 code [0x000000011d5629c0, 0x000000011d562af0]
Event: 50.181 Thread 0x00007f9824054000 2901       3       java.util.Locale::hasExtensions (13 bytes)
Event: 50.182 Thread 0x00007f9824054000 nmethod 2901 0x00000001161ab710 code [0x00000001161ab8c0, 0x00000001161aba70]
Event: 50.419 Thread 0x00007f9824054000 2902       3       sun.nio.cs.UTF_8$Encoder::encodeLoop (28 bytes)
Event: 50.420 Thread 0x00007f9824054000 nmethod 2902 0x00000001161aae90 code [0x00000001161ab080, 0x00000001161ab5b8]
Event: 50.420 Thread 0x00007f9824054000 2903       3       java.io.OutputStream::flush (1 bytes)
Event: 50.420 Thread 0x00007f9824054000 nmethod 2903 0x0000000115ec9f90 code [0x0000000115eca140, 0x0000000115eca290]
Event: 50.432 Thread 0x00007f9824053000 2904       4       java.nio.DirectByteBuffer::put (18 bytes)
Event: 50.437 Thread 0x00007f9824053000 nmethod 2904 0x000000011d562b90 code [0x000000011d562d20, 0x000000011d562dd8]

GC Heap History (10 events):
Event: 13.070 GC heap before
{Heap before GC invocations=46 (full 0):
 garbage-first heap   total 121856K, used 109059K [0x0000000780000000, 0x00000007801003b8, 0x00000007c0000000)
  region size 1024K, 71 young (72704K), 2 survivors (2048K)
 Metaspace       used 21819K, capacity 22765K, committed 22912K, reserved 1069056K
  class space    used 2211K, capacity 2429K, committed 2432K, reserved 1048576K
}
Event: 13.073 GC heap after
{Heap after GC invocations=47 (full 0):
 garbage-first heap   total 121856K, used 30203K [0x0000000780000000, 0x00000007801003b8, 0x00000007c0000000)
  region size 1024K, 2 young (2048K), 2 survivors (2048K)
 Metaspace       used 21819K, capacity 22765K, committed 22912K, reserved 1069056K
  class space    used 2211K, capacity 2429K, committed 2432K, reserved 1048576K
}
Event: 16.041 GC heap before
{Heap before GC invocations=47 (full 0):
 garbage-first heap   total 121856K, used 109051K [0x0000000780000000, 0x00000007801003b8, 0x00000007c0000000)
  region size 1024K, 71 young (72704K), 2 survivors (2048K)
 Metaspace       used 21889K, capacity 22829K, committed 22912K, reserved 1069056K
  class space    used 2212K, capacity 2429K, committed 2432K, reserved 1048576K
}
Event: 16.047 GC heap after
{Heap after GC invocations=48 (full 0):
 garbage-first heap   total 121856K, used 33636K [0x0000000780000000, 0x00000007801003b8, 0x00000007c0000000)
  region size 1024K, 2 young (2048K), 2 survivors (2048K)
 Metaspace       used 21889K, capacity 22829K, committed 22912K, reserved 1069056K
  class space    used 2212K, capacity 2429K, committed 2432K, reserved 1048576K
}
Event: 26.997 GC heap before
{Heap before GC invocations=48 (full 0):
 garbage-first heap   total 121856K, used 104292K [0x0000000780000000, 0x00000007801003b8, 0x00000007c0000000)
  region size 1024K, 71 young (72704K), 2 survivors (2048K)
 Metaspace       used 21963K, capacity 22893K, committed 22912K, reserved 1069056K
  class space    used 2213K, capacity 2429K, committed 2432K, reserved 1048576K
}
Event: 27.004 GC heap after
{Heap after GC invocations=49 (full 0):
 garbage-first heap   total 121856K, used 23565K [0x0000000780000000, 0x00000007801003b8, 0x00000007c0000000)
  region size 1024K, 3 young (3072K), 3 survivors (3072K)
 Metaspace       used 21963K, capacity 22893K, committed 22912K, reserved 1069056K
  class space    used 2213K, capacity 2429K, committed 2432K, reserved 1048576K
}
Event: 36.196 GC heap before
{Heap before GC invocations=49 (full 0):
 garbage-first heap   total 121856K, used 93197K [0x0000000780000000, 0x00000007801003b8, 0x00000007c0000000)
  region size 1024K, 71 young (72704K), 3 survivors (3072K)
 Metaspace       used 21981K, capacity 22957K, committed 23168K, reserved 1071104K
  class space    used 2213K, capacity 2429K, committed 2432K, reserved 1048576K
}
Event: 36.203 GC heap after
{Heap after GC invocations=50 (full 0):
 garbage-first heap   total 121856K, used 23946K [0x0000000780000000, 0x00000007801003b8, 0x00000007c0000000)
  region size 1024K, 3 young (3072K), 3 survivors (3072K)
 Metaspace       used 21981K, capacity 22957K, committed 23168K, reserved 1071104K
  class space    used 2213K, capacity 2429K, committed 2432K, reserved 1048576K
}
Event: 46.045 GC heap before
{Heap before GC invocations=50 (full 0):
 garbage-first heap   total 121856K, used 93578K [0x0000000780000000, 0x00000007801003b8, 0x00000007c0000000)
  region size 1024K, 71 young (72704K), 3 survivors (3072K)
 Metaspace       used 21997K, capacity 22957K, committed 23168K, reserved 1071104K
  class space    used 2213K, capacity 2429K, committed 2432K, reserved 1048576K
}
Event: 46.051 GC heap after
{Heap after GC invocations=51 (full 0):
 garbage-first heap   total 121856K, used 23619K [0x0000000780000000, 0x00000007801003b8, 0x00000007c0000000)
  region size 1024K, 3 young (3072K), 3 survivors (3072K)
 Metaspace       used 21997K, capacity 22957K, committed 23168K, reserved 1071104K
  class space    used 2213K, capacity 2429K, committed 2432K, reserved 1048576K
}

Deoptimization events (10 events):
Event: 19.443 Thread 0x00007f9825802000 Uncommon trap: reason=unstable_if action=reinterpret pc=0x000000011d491704 method=WindowGame.render(Lorg/newdawn/slick/GameContainer;Lorg/newdawn/slick/Graphics;)V @ 377 c2
Event: 19.458 Thread 0x00007f9825802000 Uncommon trap: reason=unstable_if action=reinterpret pc=0x000000011d40f7e8 method=WindowGame.checkPlayerCollision()V @ 759 c2
Event: 20.681 Thread 0x00007f9825802000 Uncommon trap: reason=unstable_if action=reinterpret pc=0x000000011d4a5508 method=WindowGame.update(Lorg/newdawn/slick/GameContainer;I)V @ 1850 c2
Event: 22.625 Thread 0x00007f9825802000 Uncommon trap: reason=unstable_if action=reinterpret pc=0x000000011d4e5d80 method=WindowGame.update(Lorg/newdawn/slick/GameContainer;I)V @ 1324 c2
Event: 25.405 Thread 0x00007f9825802000 Uncommon trap: reason=unstable_if action=reinterpret pc=0x000000011d512e94 method=WindowGame.update(Lorg/newdawn/slick/GameContainer;I)V @ 1668 c2
Event: 26.194 Thread 0x00007f9825802000 Uncommon trap: reason=unstable_if action=reinterpret pc=0x000000011d49c7ac method=java.util.Random.nextInt(I)I @ 28 c2
Event: 27.063 Thread 0x00007f9825802000 Uncommon trap: reason=unstable_if action=reinterpret pc=0x000000011d523960 method=WindowGame.update(Lorg/newdawn/slick/GameContainer;I)V @ 55 c2
Event: 35.156 Thread 0x00007f9825802000 Uncommon trap: reason=unstable_if action=reinterpret pc=0x000000011d536a60 method=WindowGame.update(Lorg/newdawn/slick/GameContainer;I)V @ 1832 c2
Event: 47.903 Thread 0x00007f9825802000 Uncommon trap: reason=unstable_if action=reinterpret pc=0x000000011d5460b4 method=WindowGame.update(Lorg/newdawn/slick/GameContainer;I)V @ 285 c2
Event: 50.418 Thread 0x00007f9825802000 Uncommon trap: reason=range_check action=make_not_entrant pc=0x000000011d4ca3ec method=WindowGame.render(Lorg/newdawn/slick/GameContainer;Lorg/newdawn/slick/Graphics;)V @ 1108 c2

Classes redefined (0 events):
No events

Internal exceptions (10 events):
Event: 6.295 Thread 0x00007f9825802000 Exception <a 'java/lang/NoSuchMethodError'{0x0000000783411300}: method resolution failed> (0x0000000783411300) thrown at [/scratch/mesos/slaves/5af44a71-976a-41b7-81de-5773b84ec572-S38393/frameworks/1735e8a2-a1db-478c-8104-60c8b0af87dd-0196/executors/8b85
Event: 6.298 Thread 0x00007f9825802000 Exception <a 'java/lang/NoSuchMethodError'{0x0000000783428068}: method resolution failed> (0x0000000783428068) thrown at [/scratch/mesos/slaves/5af44a71-976a-41b7-81de-5773b84ec572-S38393/frameworks/1735e8a2-a1db-478c-8104-60c8b0af87dd-0196/executors/8b85
Event: 6.300 Thread 0x00007f9825802000 Exception <a 'java/lang/NoSuchMethodError'{0x0000000783440610}: method resolution failed> (0x0000000783440610) thrown at [/scratch/mesos/slaves/5af44a71-976a-41b7-81de-5773b84ec572-S38393/frameworks/1735e8a2-a1db-478c-8104-60c8b0af87dd-0196/executors/8b85
Event: 6.302 Thread 0x00007f9825802000 Exception <a 'java/io/FileNotFoundException'{0x0000000783449cc8}> (0x0000000783449cc8) thrown at [/scratch/mesos/slaves/5af44a71-976a-41b7-81de-5773b84ec572-S38393/frameworks/1735e8a2-a1db-478c-8104-60c8b0af87dd-0196/executors/8b855640-c399-41ea-b65f-5227
Event: 6.309 Thread 0x00007f9825802000 Exception <a 'java/lang/ClassNotFoundException'{0x000000078344b228}: sun/awt/resources/spi/awtosxProvider> (0x000000078344b228) thrown at [/scratch/mesos/slaves/5af44a71-976a-41b7-81de-5773b84ec572-S38393/frameworks/1735e8a2-a1db-478c-8104-60c8b0af87dd-01
Event: 6.328 Thread 0x00007f9825802000 Exception <a 'java/lang/NoSuchMethodError'{0x0000000783477590}: java.lang.invoke.DirectMethodHandle$Holder.invokeStatic(Ljava/lang/Object;Ljava/lang/Object;Ljava/lang/Object;Ljava/lang/Object;Ljava/lang/Object;Ljava/lang/Object;Ljava/lang/Object;Ljava/lan
Event: 6.330 Thread 0x00007f9825802000 Exception <a 'java/lang/NoSuchMethodError'{0x0000000783491cd0}: java.lang.invoke.DirectMethodHandle$Holder.invokeStatic(Ljava/lang/Object;Ljava/lang/Object;Ljava/lang/Object;Ljava/lang/Object;Ljava/lang/Object;Ljava/lang/Object;Ljava/lang/Object;Ljava/lan
Event: 9.233 Thread 0x00007f9825802000 Exception <a 'java/lang/NoSuchMethodError'{0x0000000785468a28}: java.lang.invoke.DirectMethodHandle$Holder.invokeSpecial(Ljava/lang/Object;Ljava/lang/Object;)V> (0x0000000785468a28) thrown at [/scratch/mesos/slaves/5af44a71-976a-41b7-81de-5773b84ec572-S38
Event: 9.462 Thread 0x00007f9825802000 Implicit null exception at 0x000000011d350fab to 0x000000011d351169
Event: 50.418 Thread 0x00007f9825802000 Exception <a 'java/lang/ArrayIndexOutOfBoundsException'{0x00000007867ffcb8}: 2> (0x00000007867ffcb8) thrown at [/scratch/mesos/slaves/5af44a71-976a-41b7-81de-5773b84ec572-S38393/frameworks/1735e8a2-a1db-478c-8104-60c8b0af87dd-0196/executors/8b855640-c399-

Events (10 events):
Event: 50.418 loading class java/lang/IndexOutOfBoundsException done
Event: 50.418 loading class java/lang/ArrayIndexOutOfBoundsException done
Event: 50.419 loading class java/lang/Throwable$WrappedPrintStream
Event: 50.419 loading class java/lang/Throwable$PrintStreamOrWriter
Event: 50.419 loading class java/lang/Throwable$PrintStreamOrWriter done
Event: 50.419 loading class java/lang/Throwable$WrappedPrintStream done
Event: 50.419 loading class java/util/IdentityHashMap$KeySet
Event: 50.419 loading class java/util/IdentityHashMap$KeySet done
Event: 50.430 loading class org/lwjgl/opengl/CallbackUtil
Event: 50.430 loading class org/lwjgl/opengl/CallbackUtil done


Dynamic libraries:
0x00007fff44072000 	/System/Library/Frameworks/Cocoa.framework/Versions/A/Cocoa
0x00007fff503f0000 	/System/Library/Frameworks/Security.framework/Versions/A/Security
0x00007fff42d13000 	/System/Library/Frameworks/ApplicationServices.framework/Versions/A/ApplicationServices
0x00007fff6bc81000 	/usr/lib/libz.1.dylib
0x00007fff69c24000 	/usr/lib/libSystem.B.dylib
0x00007fff44814000 	/System/Library/Frameworks/CoreFoundation.framework/Versions/A/CoreFoundation
0x00007fff4693b000 	/System/Library/Frameworks/Foundation.framework/Versions/C/Foundation
0x00007fff6b296000 	/usr/lib/libobjc.A.dylib
0x00007fff41e66000 	/System/Library/Frameworks/AppKit.framework/Versions/C/AppKit
0x00007fff443e8000 	/System/Library/Frameworks/CoreData.framework/Versions/A/CoreData
0x00007fff636db000 	/System/Library/PrivateFrameworks/RemoteViewServices.framework/Versions/A/RemoteViewServices
0x00007fff67ce1000 	/System/Library/PrivateFrameworks/UIFoundation.framework/Versions/A/UIFoundation
0x00007fff58889000 	/System/Library/PrivateFrameworks/DFRFoundation.framework/Versions/A/DFRFoundation
0x00007fff48d77000 	/System/Library/Frameworks/Metal.framework/Versions/A/Metal
0x00007fff58a2b000 	/System/Library/PrivateFrameworks/DesktopServicesPriv.framework/Versions/A/DesktopServicesPriv
0x00007fff6a89a000 	/usr/lib/libenergytrace.dylib
0x00007fff65e1c000 	/System/Library/PrivateFrameworks/SkyLight.framework/Versions/A/SkyLight
0x00007fff44cae000 	/System/Library/Frameworks/CoreGraphics.framework/Versions/A/CoreGraphics
0x00007fff69c1f000 	/usr/lib/libScreenReader.dylib
0x00007fff40bb1000 	/System/Library/Frameworks/Accelerate.framework/Versions/A/Accelerate
0x00007fff470af000 	/System/Library/Frameworks/IOSurface.framework/Versions/A/IOSurface
0x00007fff4325d000 	/System/Library/Frameworks/AudioToolbox.framework/Versions/A/AudioToolbox
0x00007fff434e8000 	/System/Library/Frameworks/AudioUnit.framework/Versions/A/AudioUnit
0x00007fff58926000 	/System/Library/PrivateFrameworks/DataDetectorsCore.framework/Versions/A/DataDetectorsCore
0x00007fff43b7b000 	/System/Library/Frameworks/Carbon.framework/Versions/A/Frameworks/HIToolbox.framework/Versions/A/HIToolbox
0x00007fff6a9f4000 	/usr/lib/libicucore.A.dylib
0x00007fff4f977000 	/System/Library/Frameworks/QuartzCore.framework/Versions/A/QuartzCore
0x00007fff43f60000 	/System/Library/Frameworks/Carbon.framework/Versions/A/Frameworks/SpeechRecognition.framework/Versions/A/SpeechRecognition
0x00007fff69e02000 	/usr/lib/libauto.dylib
0x00007fff6bb70000 	/usr/lib/libxml2.2.dylib
0x00007fff58515000 	/System/Library/PrivateFrameworks/CoreUI.framework/Versions/A/CoreUI
0x00007fff442c4000 	/System/Library/Frameworks/CoreAudio.framework/Versions/A/CoreAudio
0x00007fff46775000 	/System/Library/Frameworks/DiskArbitration.framework/Versions/A/DiskArbitration
0x00007fff6ac67000 	/usr/lib/liblangid.dylib
0x00007fff5fc9f000 	/System/Library/PrivateFrameworks/MultitouchSupport.framework/Versions/A/MultitouchSupport
0x00007fff47012000 	/System/Library/Frameworks/IOKit.framework/Versions/A/IOKit
0x00007fff698bc000 	/usr/lib/libDiagnosticMessagesClient.dylib
0x00007fff45969000 	/System/Library/Frameworks/CoreServices.framework/Versions/A/CoreServices
0x00007fff616ee000 	/System/Library/PrivateFrameworks/PerformanceAnalysis.framework/Versions/A/PerformanceAnalysis
0x00007fff4eb15000 	/System/Library/Frameworks/OpenGL.framework/Versions/A/OpenGL
0x00007fff44080000 	/System/Library/Frameworks/ColorSync.framework/Versions/A/ColorSync
0x00007fff452da000 	/System/Library/Frameworks/CoreImage.framework/Versions/A/CoreImage
0x00007fff462e8000 	/System/Library/Frameworks/CoreText.framework/Versions/A/CoreText
0x00007fff4710a000 	/System/Library/Frameworks/ImageIO.framework/Versions/A/ImageIO
0x00007fff54dee000 	/System/Library/PrivateFrameworks/Backup.framework/Versions/A/Backup
0x00007fff69cd0000 	/usr/lib/libarchive.2.dylib
0x00007fff437fe000 	/System/Library/Frameworks/CFNetwork.framework/Versions/A/CFNetwork
0x00007fff50b6a000 	/System/Library/Frameworks/SystemConfiguration.framework/Versions/A/SystemConfiguration
0x00007fff697e5000 	/usr/lib/libCRFSuite.dylib
0x00007fff69ed2000 	/usr/lib/libc++.1.dylib
0x00007fff69f29000 	/usr/lib/libc++abi.dylib
0x00007fff6bd30000 	/usr/lib/system/libcache.dylib
0x00007fff6bd35000 	/usr/lib/system/libcommonCrypto.dylib
0x00007fff6bd40000 	/usr/lib/system/libcompiler_rt.dylib
0x00007fff6bd48000 	/usr/lib/system/libcopyfile.dylib
0x00007fff6bd51000 	/usr/lib/system/libcorecrypto.dylib
0x00007fff6be5c000 	/usr/lib/system/libdispatch.dylib
0x00007fff6be96000 	/usr/lib/system/libdyld.dylib
0x00007fff6beb4000 	/usr/lib/system/libkeymgr.dylib
0x00007fff6bec2000 	/usr/lib/system/liblaunch.dylib
0x00007fff6bec3000 	/usr/lib/system/libmacho.dylib
0x00007fff6bec8000 	/usr/lib/system/libquarantine.dylib
0x00007fff6becb000 	/usr/lib/system/libremovefile.dylib
0x00007fff6becd000 	/usr/lib/system/libsystem_asl.dylib
0x00007fff6bee5000 	/usr/lib/system/libsystem_blocks.dylib
0x00007fff6bee6000 	/usr/lib/system/libsystem_c.dylib
0x00007fff6bf70000 	/usr/lib/system/libsystem_configuration.dylib
0x00007fff6bf74000 	/usr/lib/system/libsystem_coreservices.dylib
0x00007fff6bf78000 	/usr/lib/system/libsystem_darwin.dylib
0x00007fff6bf7a000 	/usr/lib/system/libsystem_dnssd.dylib
0x00007fff6bf81000 	/usr/lib/system/libsystem_info.dylib
0x00007fff6bff1000 	/usr/lib/system/libsystem_m.dylib
0x00007fff6c03d000 	/usr/lib/system/libsystem_malloc.dylib
0x00007fff6c05d000 	/usr/lib/system/libsystem_network.dylib
0x00007fff6c101000 	/usr/lib/system/libsystem_networkextension.dylib
0x00007fff6c10c000 	/usr/lib/system/libsystem_notify.dylib
0x00007fff6c12a000 	/usr/lib/system/libsystem_sandbox.dylib
0x00007fff6c12e000 	/usr/lib/system/libsystem_secinit.dylib
0x00007fff6bfcb000 	/usr/lib/system/libsystem_kernel.dylib
0x00007fff6c116000 	/usr/lib/system/libsystem_platform.dylib
0x00007fff6c11e000 	/usr/lib/system/libsystem_pthread.dylib
0x00007fff6c130000 	/usr/lib/system/libsystem_symptoms.dylib
0x00007fff6c138000 	/usr/lib/system/libsystem_trace.dylib
0x00007fff6c14d000 	/usr/lib/system/libunwind.dylib
0x00007fff6c153000 	/usr/lib/system/libxpc.dylib
0x00007fff69713000 	/usr/lib/closure/libclosured.dylib
0x00007fff69eb3000 	/usr/lib/libbsm.0.dylib
0x00007fff6beb5000 	/usr/lib/system/libkxld.dylib
0x00007fff69af6000 	/usr/lib/libOpenScriptingUtil.dylib
0x00007fff6a21c000 	/usr/lib/libcoretls.dylib
0x00007fff6a235000 	/usr/lib/libcoretls_cfhelpers.dylib
0x00007fff6b69a000 	/usr/lib/libpam.2.dylib
0x00007fff6b7c1000 	/usr/lib/libsqlite3.dylib
0x00007fff6bb5f000 	/usr/lib/libxar.1.dylib
0x00007fff69ec4000 	/usr/lib/libbz2.1.0.dylib
0x00007fff6ac69000 	/usr/lib/liblzma.5.dylib
0x00007fff6b14a000 	/usr/lib/libnetwork.dylib
0x00007fff69cb9000 	/usr/lib/libapple_nghttp2.dylib
0x00007fff6b6a1000 	/usr/lib/libpcap.A.dylib
0x00007fff69e03000 	/usr/lib/libboringssl.dylib
0x00007fff6bb21000 	/usr/lib/libusrtcp.dylib
0x00007fff69cb8000 	/usr/lib/libapple_crypto.dylib
0x00007fff45cec000 	/System/Library/Frameworks/CoreServices.framework/Versions/A/Frameworks/FSEvents.framework/Versions/A/FSEvents
0x00007fff459df000 	/System/Library/Frameworks/CoreServices.framework/Versions/A/Frameworks/CarbonCore.framework/Versions/A/CarbonCore
0x00007fff45ead000 	/System/Library/Frameworks/CoreServices.framework/Versions/A/Frameworks/Metadata.framework/Versions/A/Metadata
0x00007fff45f5d000 	/System/Library/Frameworks/CoreServices.framework/Versions/A/Frameworks/OSServices.framework/Versions/A/OSServices
0x00007fff45fbb000 	/System/Library/Frameworks/CoreServices.framework/Versions/A/Frameworks/SearchKit.framework/Versions/A/SearchKit
0x00007fff4596a000 	/System/Library/Frameworks/CoreServices.framework/Versions/A/Frameworks/AE.framework/Versions/A/AE
0x00007fff45cf5000 	/System/Library/Frameworks/CoreServices.framework/Versions/A/Frameworks/LaunchServices.framework/Versions/A/LaunchServices
0x00007fff45cb7000 	/System/Library/Frameworks/CoreServices.framework/Versions/A/Frameworks/DictionaryServices.framework/Versions/A/DictionaryServices
0x00007fff4602a000 	/System/Library/Frameworks/CoreServices.framework/Versions/A/Frameworks/SharedFileList.framework/Versions/A/SharedFileList
0x00007fff49f34000 	/System/Library/Frameworks/NetFS.framework/Versions/A/NetFS
0x00007fff5ff2b000 	/System/Library/PrivateFrameworks/NetAuth.framework/Versions/A/NetAuth
0x00007fff695ad000 	/System/Library/PrivateFrameworks/login.framework/Versions/A/Frameworks/loginsupport.framework/Versions/A/loginsupport
0x00007fff67968000 	/System/Library/PrivateFrameworks/TCC.framework/Versions/A/TCC
0x00007fff6ad4a000 	/usr/lib/libmecabra.dylib
0x00007fff42d14000 	/System/Library/Frameworks/ApplicationServices.framework/Versions/A/Frameworks/ATS.framework/Versions/A/ATS
0x00007fff430c2000 	/System/Library/Frameworks/ApplicationServices.framework/Versions/A/Frameworks/ColorSyncLegacy.framework/Versions/A/ColorSyncLegacy
0x00007fff43166000 	/System/Library/Frameworks/ApplicationServices.framework/Versions/A/Frameworks/HIServices.framework/Versions/A/HIServices
0x00007fff431b9000 	/System/Library/Frameworks/ApplicationServices.framework/Versions/A/Frameworks/LangAnalysis.framework/Versions/A/LangAnalysis
0x00007fff431c8000 	/System/Library/Frameworks/ApplicationServices.framework/Versions/A/Frameworks/PrintCore.framework/Versions/A/PrintCore
0x00007fff43215000 	/System/Library/Frameworks/ApplicationServices.framework/Versions/A/Frameworks/QD.framework/Versions/A/QD
0x00007fff43250000 	/System/Library/Frameworks/ApplicationServices.framework/Versions/A/Frameworks/SpeechSynthesis.framework/Versions/A/SpeechSynthesis
0x00007fff44748000 	/System/Library/Frameworks/CoreDisplay.framework/Versions/A/CoreDisplay
0x00007fff40bca000 	/System/Library/Frameworks/Accelerate.framework/Versions/A/Frameworks/vImage.framework/Versions/A/vImage
0x00007fff41b7c000 	/System/Library/Frameworks/Accelerate.framework/Versions/A/Frameworks/vecLib.framework/Versions/A/vecLib
0x00007fff4195e000 	/System/Library/Frameworks/Accelerate.framework/Versions/A/Frameworks/vecLib.framework/Versions/A/libvDSP.dylib
0x00007fff414bb000 	/System/Library/Frameworks/Accelerate.framework/Versions/A/Frameworks/vecLib.framework/Versions/A/libBNNS.dylib
0x00007fff418e6000 	/System/Library/Frameworks/Accelerate.framework/Versions/A/Frameworks/vecLib.framework/Versions/A/libQuadrature.dylib
0x00007fff41ac6000 	/System/Library/Frameworks/Accelerate.framework/Versions/A/Frameworks/vecLib.framework/Versions/A/libvMisc.dylib
0x00007fff414f5000 	/System/Library/Frameworks/Accelerate.framework/Versions/A/Frameworks/vecLib.framework/Versions/A/libLAPACK.dylib
0x00007fff41319000 	/System/Library/Frameworks/Accelerate.framework/Versions/A/Frameworks/vecLib.framework/Versions/A/libBLAS.dylib
0x00007fff418cf000 	/System/Library/Frameworks/Accelerate.framework/Versions/A/Frameworks/vecLib.framework/Versions/A/libLinearAlgebra.dylib
0x00007fff418ec000 	/System/Library/Frameworks/Accelerate.framework/Versions/A/Frameworks/vecLib.framework/Versions/A/libSparse.dylib
0x00007fff4194b000 	/System/Library/Frameworks/Accelerate.framework/Versions/A/Frameworks/vecLib.framework/Versions/A/libSparseBLAS.dylib
0x00007fff5e671000 	/System/Library/PrivateFrameworks/IOAccelerator.framework/Versions/A/IOAccelerator
0x00007fff5e67c000 	/System/Library/PrivateFrameworks/IOPresentment.framework/Versions/A/IOPresentment
0x00007fff5889b000 	/System/Library/PrivateFrameworks/DSExternalDisplay.framework/Versions/A/DSExternalDisplay
0x00007fff4df98000 	/System/Library/Frameworks/OpenGL.framework/Versions/A/Libraries/libCoreFSCache.dylib
0x00007fff46436000 	/System/Library/Frameworks/CoreVideo.framework/Versions/A/CoreVideo
0x00007fff5dcd6000 	/System/Library/PrivateFrameworks/GraphVisualizer.framework/Versions/A/GraphVisualizer
0x00007fff48f29000 	/System/Library/Frameworks/MetalPerformanceShaders.framework/Versions/A/MetalPerformanceShaders
0x00007fff698f4000 	/usr/lib/libFosl_dynamic.dylib
0x00007fff598a8000 	/System/Library/PrivateFrameworks/FaceCore.framework/Versions/A/FaceCore
0x00007fff4cda0000 	/System/Library/Frameworks/OpenCL.framework/Versions/A/OpenCL
0x00007fff69f60000 	/usr/lib/libcompression.dylib
0x00007fff42e13000 	/System/Library/Frameworks/ApplicationServices.framework/Versions/A/Frameworks/ATS.framework/Versions/A/Resources/libFontParser.dylib
0x00007fff42f36000 	/System/Library/Frameworks/ApplicationServices.framework/Versions/A/Frameworks/ATS.framework/Versions/A/Resources/libFontRegistry.dylib
0x00007fff4736d000 	/System/Library/Frameworks/ImageIO.framework/Versions/A/Resources/libJPEG.dylib
0x00007fff47697000 	/System/Library/Frameworks/ImageIO.framework/Versions/A/Resources/libTIFF.dylib
0x00007fff4766d000 	/System/Library/Frameworks/ImageIO.framework/Versions/A/Resources/libPng.dylib
0x00007fff47280000 	/System/Library/Frameworks/ImageIO.framework/Versions/A/Resources/libGIF.dylib
0x00007fff47285000 	/System/Library/Frameworks/ImageIO.framework/Versions/A/Resources/libJP2.dylib
0x00007fff47694000 	/System/Library/Frameworks/ImageIO.framework/Versions/A/Resources/libRadiance.dylib
0x00007fff5457c000 	/System/Library/PrivateFrameworks/AppleJPEG.framework/Versions/A/AppleJPEG
0x00007fff5fa23000 	/System/Library/PrivateFrameworks/MetalTools.framework/Versions/A/MetalTools
0x00007fff48e11000 	/System/Library/Frameworks/MetalPerformanceShaders.framework/Frameworks/MPSCore.framework/Versions/A/MPSCore
0x00007fff48e27000 	/System/Library/Frameworks/MetalPerformanceShaders.framework/Frameworks/MPSImage.framework/Versions/A/MPSImage
0x00007fff48e92000 	/System/Library/Frameworks/MetalPerformanceShaders.framework/Frameworks/MPSMatrix.framework/Versions/A/MPSMatrix
0x00007fff48eb2000 	/System/Library/Frameworks/MetalPerformanceShaders.framework/Frameworks/MPSNeuralNetwork.framework/Versions/A/MPSNeuralNetwork
0x00007fff4e15f000 	/System/Library/Frameworks/OpenGL.framework/Versions/A/Libraries/libGLU.dylib
0x00007fff4dfa1000 	/System/Library/Frameworks/OpenGL.framework/Versions/A/Libraries/libGFXShared.dylib
0x00007fff4dfaa000 	/System/Library/Frameworks/OpenGL.framework/Versions/A/Libraries/libGL.dylib
0x00007fff4dfb6000 	/System/Library/Frameworks/OpenGL.framework/Versions/A/Libraries/libGLImage.dylib
0x00007fff4df95000 	/System/Library/Frameworks/OpenGL.framework/Versions/A/Libraries/libCVMSPluginSupport.dylib
0x00007fff4df9c000 	/System/Library/Frameworks/OpenGL.framework/Versions/A/Libraries/libCoreVMClient.dylib
0x00007fff6a706000 	/usr/lib/libcups.2.dylib
0x00007fff4841b000 	/System/Library/Frameworks/Kerberos.framework/Versions/A/Kerberos
0x00007fff46d6e000 	/System/Library/Frameworks/GSS.framework/Versions/A/GSS
0x00007fff6b755000 	/usr/lib/libresolv.9.dylib
0x00007fff6a902000 	/usr/lib/libiconv.2.dylib
0x00007fff5dd5d000 	/System/Library/PrivateFrameworks/Heimdal.framework/Versions/A/Heimdal
0x00007fff6a8d1000 	/usr/lib/libheimdal-asn1.dylib
0x00007fff4ce0b000 	/System/Library/Frameworks/OpenDirectory.framework/Versions/A/OpenDirectory
0x00007fff567cb000 	/System/Library/PrivateFrameworks/CommonAuth.framework/Versions/A/CommonAuth
0x00007fff4cdee000 	/System/Library/Frameworks/OpenDirectory.framework/Versions/A/Frameworks/CFOpenDirectory.framework/Versions/A/CFOpenDirectory
0x00007fff5070b000 	/System/Library/Frameworks/SecurityFoundation.framework/Versions/A/SecurityFoundation
0x00007fff5379e000 	/System/Library/PrivateFrameworks/APFS.framework/Versions/A/APFS
0x00007fff6bb5b000 	/usr/lib/libutil.dylib
0x00007fff545ff000 	/System/Library/PrivateFrameworks/AppleSauce.framework/Versions/A/AppleSauce
0x00007fff5ee43000 	/System/Library/PrivateFrameworks/LinguisticData.framework/Versions/A/LinguisticData
0x00007fff6ac83000 	/usr/lib/libmarisa.dylib
0x00007fff5edfd000 	/System/Library/PrivateFrameworks/Lexicon.framework/Versions/A/Lexicon
0x00007fff6981f000 	/usr/lib/libChineseTokenizer.dylib
0x00007fff69f4f000 	/usr/lib/libcmph.dylib
0x00007fff5ed07000 	/System/Library/PrivateFrameworks/LanguageModeling.framework/Versions/A/LanguageModeling
0x00007fff571d8000 	/System/Library/PrivateFrameworks/CoreEmoji.framework/Versions/A/CoreEmoji
0x00007fff507c3000 	/System/Library/Frameworks/ServiceManagement.framework/Versions/A/ServiceManagement
0x00007fff54de6000 	/System/Library/PrivateFrameworks/BackgroundTaskManagement.framework/Versions/A/BackgroundTaskManagement
0x00007fff6bc58000 	/usr/lib/libxslt.1.dylib
0x00007fff43e8a000 	/System/Library/Frameworks/Carbon.framework/Versions/A/Frameworks/Ink.framework/Versions/A/Ink
0x00007fff67b75000 	/System/Library/PrivateFrameworks/TextureIO.framework/Versions/A/TextureIO
0x00007fff69cfb000 	/usr/lib/libate.dylib
0x00007fff587fd000 	/System/Library/PrivateFrameworks/CrashReporterSupport.framework/Versions/A/CrashReporterSupport
0x00007fff64fff000 	/System/Library/PrivateFrameworks/Sharing.framework/Versions/A/Sharing
0x00007fff5ea51000 	/System/Library/PrivateFrameworks/IconServices.framework/Versions/A/IconServices
0x00007fff634ed000 	/System/Library/PrivateFrameworks/ProtocolBuffer.framework/Versions/A/ProtocolBuffer
0x00007fff54409000 	/System/Library/PrivateFrameworks/Apple80211.framework/Versions/A/Apple80211
0x00007fff46471000 	/System/Library/Frameworks/CoreWLAN.framework/Versions/A/CoreWLAN
0x00007fff5864a000 	/System/Library/PrivateFrameworks/CoreUtils.framework/Versions/A/CoreUtils
0x00007fff46eaf000 	/System/Library/Frameworks/IOBluetooth.framework/Versions/A/IOBluetooth
0x00007fff58798000 	/System/Library/PrivateFrameworks/CoreWiFi.framework/Versions/A/CoreWiFi
0x00007fff443be000 	/System/Library/Frameworks/CoreBluetooth.framework/Versions/A/CoreBluetooth
0x00007fff65122000 	/System/Library/PrivateFrameworks/SignpostNotification.framework/Versions/A/SignpostNotification
0x00007fff589ea000 	/System/Library/PrivateFrameworks/DebugSymbols.framework/Versions/A/DebugSymbols
0x00007fff58401000 	/System/Library/PrivateFrameworks/CoreSymbolication.framework/Versions/A/CoreSymbolication
0x00007fff673f9000 	/System/Library/PrivateFrameworks/Symbolication.framework/Versions/A/Symbolication
0x00007fff54433000 	/System/Library/PrivateFrameworks/AppleFSCompression.framework/Versions/A/AppleFSCompression
0x00007fff66860000 	/System/Library/PrivateFrameworks/SpeechRecognitionCore.framework/Versions/A/SpeechRecognitionCore
0x0000000106a00000 	/Library/Java/JavaVirtualMachines/jdk-9.0.1.jdk/Contents/Home/lib/server/libjvm.dylib
0x00007fff6ba53000 	/usr/lib/libstdc++.6.0.9.dylib
0x00000001060d7000 	/Library/Java/JavaVirtualMachines/jdk-9.0.1.jdk/Contents/Home/lib/libverify.dylib
0x00000001060e4000 	/Library/Java/JavaVirtualMachines/jdk-9.0.1.jdk/Contents/Home/lib/libjava.dylib
0x0000000106162000 	/Library/Java/JavaVirtualMachines/jdk-9.0.1.jdk/Contents/Home/lib/libzip.dylib
0x000000010616a000 	/Library/Java/JavaVirtualMachines/jdk-9.0.1.jdk/Contents/Home/lib/libjimage.dylib
0x00000001061eb000 	/Library/Java/JavaVirtualMachines/jdk-9.0.1.jdk/Contents/Home/lib/libnio.dylib
0x000000010a971000 	/Library/Java/JavaVirtualMachines/jdk-9.0.1.jdk/Contents/Home/lib/./libnet.dylib
0x00000001061fb000 	/Library/Java/JavaVirtualMachines/jdk-9.0.1.jdk/Contents/Home/lib/libmanagement.dylib
0x000000010aa32000 	/Library/Java/JavaVirtualMachines/jdk-9.0.1.jdk/Contents/Home/lib/libmanagement_ext.dylib
0x00000001272af000 	/Library/Java/JavaVirtualMachines/jdk-9.0.1.jdk/Contents/Home/lib/libawt.dylib
0x0000000127354000 	/Library/Java/JavaVirtualMachines/jdk-9.0.1.jdk/Contents/Home/lib/./libmlib_image.dylib
0x00007fff48404000 	/System/Library/Frameworks/JavaVM.framework/Versions/A/Frameworks/JavaNativeFoundation.framework/Versions/A/JavaNativeFoundation
0x00007fff4840d000 	/System/Library/Frameworks/JavaVM.framework/Versions/A/Frameworks/JavaRuntimeSupport.framework/Versions/A/JavaRuntimeSupport
0x00007fff48416000 	/System/Library/Frameworks/JavaVM.framework/Versions/A/JavaVM
0x00007fff5ec0b000 	/System/Library/PrivateFrameworks/JavaLaunching.framework/Versions/A/JavaLaunching
0x00007fff43b76000 	/System/Library/Frameworks/Carbon.framework/Versions/A/Carbon
0x00007fff43b77000 	/System/Library/Frameworks/Carbon.framework/Versions/A/Frameworks/CommonPanels.framework/Versions/A/CommonPanels
0x00007fff43e80000 	/System/Library/Frameworks/Carbon.framework/Versions/A/Frameworks/Help.framework/Versions/A/Help
0x00007fff43e84000 	/System/Library/Frameworks/Carbon.framework/Versions/A/Frameworks/ImageCapture.framework/Versions/A/ImageCapture
0x00007fff43f20000 	/System/Library/Frameworks/Carbon.framework/Versions/A/Frameworks/OpenScripting.framework/Versions/A/OpenScripting
0x00007fff43f5b000 	/System/Library/Frameworks/Carbon.framework/Versions/A/Frameworks/Print.framework/Versions/A/Print
0x00007fff43f5d000 	/System/Library/Frameworks/Carbon.framework/Versions/A/Frameworks/SecurityHI.framework/Versions/A/SecurityHI
0x00000001273c2000 	/Library/Java/JavaVirtualMachines/jdk-9.0.1.jdk/Contents/Home/lib/libawt_lwawt.dylib
0x0000000127482000 	/Library/Java/JavaVirtualMachines/jdk-9.0.1.jdk/Contents/Home/lib/./libosxapp.dylib
0x00007fff46914000 	/System/Library/Frameworks/ExceptionHandling.framework/Versions/A/ExceptionHandling
0x000000012752d000 	/Library/Java/JavaVirtualMachines/jdk-9.0.1.jdk/Contents/Home/lib/libfontmanager.dylib
0x00007fff580ab000 	/System/Library/PrivateFrameworks/CoreServicesInternal.framework/Versions/A/CoreServicesInternal
0x00007fff3d033000 	/System/Library/CoreServices/RawCamera.bundle/Contents/MacOS/RawCamera
0x00007fff5fa92000 	/System/Library/PrivateFrameworks/MobileAsset.framework/Versions/A/MobileAsset
0x00007fff66d02000 	/System/Library/PrivateFrameworks/StreamingZip.framework/Versions/A/StreamingZip
0x00007fff48779000 	/System/Library/Frameworks/MediaToolbox.framework/Versions/A/MediaToolbox
0x00007fff56e43000 	/System/Library/PrivateFrameworks/CoreAVCHD.framework/Versions/A/CoreAVCHD
0x00007fff486e6000 	/System/Library/Frameworks/MediaAccessibility.framework/Versions/A/MediaAccessibility
0x00007fff5f658000 	/System/Library/PrivateFrameworks/Mangrove.framework/Versions/A/Mangrove
0x00007fff4583e000 	/System/Library/Frameworks/CoreMedia.framework/Versions/A/CoreMedia
0x00007fff50d8f000 	/System/Library/Frameworks/VideoToolbox.framework/Versions/A/VideoToolbox
0x00007fff56a62000 	/System/Library/PrivateFrameworks/CoreAUC.framework/Versions/A/CoreAUC
0x00007fff6b7bf000 	/usr/lib/libspindump.dylib
0x00007fff6a7de000 	/usr/lib/libdscsym.dylib
0x00007fff546f4000 	/System/Library/PrivateFrameworks/AppleVA.framework/Versions/A/AppleVA
0x00007fff40bb2000 	/System/Library/Frameworks/Accelerate.framework/Versions/A/Frameworks/vImage.framework/Versions/A/Libraries/libCGInterfaces.dylib
0x00007fff43025000 	/System/Library/Frameworks/ApplicationServices.framework/Versions/A/Frameworks/ATS.framework/Versions/A/Resources/libTrueTypeScaler.dylib
0x00007fff4eb24000 	/System/Library/Frameworks/OpenGL.framework/Versions/A/Resources/GLEngine.bundle/GLEngine
0x00007fff4dff2000 	/System/Library/Frameworks/OpenGL.framework/Versions/A/Libraries/libGLProgrammability.dylib
0x000000012b688000 	/System/Library/Extensions/AppleIntelHD4000GraphicsGLDriver.bundle/Contents/MacOS/AppleIntelHD4000GraphicsGLDriver
0x00007fff5cf92000 	/System/Library/PrivateFrameworks/GPUSupport.framework/Versions/A/Libraries/libGPUSupportMercury.dylib
0x00007fff4ecbc000 	/System/Library/Frameworks/OpenGL.framework/Versions/A/Resources/GLRendererFloat.bundle/GLRendererFloat
0x00007fff4cd97000 	/System/Library/Frameworks/OpenCL.framework/Versions/A/Libraries/libcldcpuengine.dylib
0x00007fff6a3cf000 	/usr/lib/libcrypto.35.dylib
0x00007fff67cda000 	/System/Library/PrivateFrameworks/TrustEvaluationAgent.framework/Versions/A/TrustEvaluationAgent
0x00007fff3e59c000 	/System/Library/Extensions/AppleIntelHD4000GraphicsMTLDriver.bundle/Contents/MacOS/AppleIntelHD4000GraphicsMTLDriver
0x00007fff5b932000 	/System/Library/PrivateFrameworks/GPUCompiler.framework/Versions/3802/Libraries/libmetal_timestamp.dylib
0x000000012a51f000 	/Users/steven/eclipse-workspace/QualiteLogiciel2/lib/natives/liblwjgl.dylib
0x000000010afa5000 	/Library/Java/JavaVirtualMachines/jdk-9.0.1.jdk/Contents/Home/lib/libjawt.dylib
0x00007fff68b50000 	/System/Library/PrivateFrameworks/ViewBridge.framework/Versions/A/ViewBridge
0x000000010aa76000 	/Users/steven/eclipse-workspace/QualiteLogiciel2/lib/natives/libjinput-osx.dylib
0x0000000129701000 	/System/Library/Extensions/IOHIDFamily.kext/Contents/PlugIns/IOHIDLib.plugin/Contents/MacOS/IOHIDLib
0x000000012a4c3000 	/Library/Java/JavaVirtualMachines/jdk-9.0.1.jdk/Contents/Home/lib/libjavajpeg.dylib
0x00000001313c4000 	/Library/Java/JavaVirtualMachines/jdk-9.0.1.jdk/Contents/Home/lib/libt2k.dylib
0x00007fff6773e000 	/System/Library/PrivateFrameworks/SystemAdministration.framework/Versions/A/SystemAdministration
0x00007fff58d18000 	/System/Library/PrivateFrameworks/DiskManagement.framework/Versions/A/DiskManagement
0x00007fff46688000 	/System/Library/Frameworks/DirectoryService.framework/Versions/A/DirectoryService
0x00007fff58c45000 	/System/Library/PrivateFrameworks/DiskImages.framework/Versions/A/DiskImages
0x00007fff5ef2f000 	/System/Library/PrivateFrameworks/LoginUIKit.framework/Versions/A/Frameworks/LoginUICore.framework/Versions/A/LoginUICore
0x00007fff6982b000 	/usr/lib/libCoreStorage.dylib
0x00007fff6a6fa000 	/usr/lib/libcsfde.dylib
0x00007fff6b688000 	/usr/lib/libodfde.dylib
0x00007fff5f773000 	/System/Library/PrivateFrameworks/MediaKit.framework/Versions/A/MediaKit
0x00007fff46694000 	/System/Library/Frameworks/DiscRecording.framework/Versions/A/DiscRecording
0x00007fff58e21000 	/System/Library/PrivateFrameworks/EFILogin.framework/Versions/A/EFILogin
0x00007fff6349e000 	/System/Library/PrivateFrameworks/ProtectedCloudStorage.framework/Versions/A/ProtectedCloudStorage
0x00007fff6a787000 	/usr/lib/libcurl.4.dylib
0x00007fff6b9ad000 	/usr/lib/libssl.35.dylib
0x00007fff48435000 	/System/Library/Frameworks/LDAP.framework/Versions/A/LDAP
0x00007fff6b7ac000 	/usr/lib/libsasl2.2.dylib
0x00007fff5706b000 	/System/Library/PrivateFrameworks/CoreDaemon.framework/Versions/B/CoreDaemon
0x00007fff545f6000 	/System/Library/PrivateFrameworks/AppleSRP.framework/Versions/A/AppleSRP
0x00007fff695b0000 	/System/Library/PrivateFrameworks/login.framework/Versions/A/login

VM Arguments:
jvm_args: -Djava.library.path=lib/natives -Dlog4j.ConfigurationFile=src/log4j.properties -Dfile.encoding=UTF-8 
java_command: WindowGame
java_class_path (initial): /Users/steven/eclipse-workspace/QualiteLogiciel2/bin:/Users/steven/eclipse-workspace/QualiteLogiciel2/lib/apache-log4j-2.10.0-bin/log4j-1.2-api-2.10.0.jar:/Users/steven/eclipse-workspace/QualiteLogiciel2/lib/apache-log4j-2.10.0-bin/log4j-api-2.10.0.jar:/Users/steven/eclipse-workspace/QualiteLogiciel2/lib/apache-log4j-2.10.0-bin/log4j-core-2.10.0.jar:/Users/steven/eclipse-workspace/QualiteLogiciel2/lib/jinput.jar:/Users/steven/eclipse-workspace/QualiteLogiciel2/lib/lwjgl.jar:/Users/steven/eclipse-workspace/QualiteLogiciel2/lib/slick.jar
Launcher Type: SUN_STANDARD

Logging:
Log output configuration:
#0: stdout all=warning uptime,level,tags
#1: stderr all=off uptime,level,tags

Environment Variables:
PATH=/usr/bin:/bin:/usr/sbin:/sbin
SHELL=/bin/bash

Signal Handlers:
SIGSEGV: [libjvm.dylib+0x73e2dc], sa_mask[0]=11111111011111110111111111111111, sa_flags=SA_ONSTACK|SA_RESTART|SA_SIGINFO
SIGBUS: [libjvm.dylib+0x73e2dc], sa_mask[0]=11111111011111110111111111111111, sa_flags=SA_RESTART|SA_SIGINFO
SIGFPE: [libjvm.dylib+0x73e2dc], sa_mask[0]=11111111011111110111111111111111, sa_flags=SA_RESTART|SA_SIGINFO
SIGPIPE: [libjvm.dylib+0x5f15ac], sa_mask[0]=11111111011111110111111111111111, sa_flags=SA_RESTART|SA_SIGINFO
SIGXFSZ: [libjvm.dylib+0x5f15ac], sa_mask[0]=11111111011111110111111111111111, sa_flags=SA_RESTART|SA_SIGINFO
SIGILL: [libjvm.dylib+0x73e2dc], sa_mask[0]=11111111011111110111111111111111, sa_flags=SA_RESTART|SA_SIGINFO
SIGUSR2: [libjvm.dylib+0x5f1e3c], sa_mask[0]=00100000000000000000000000000000, sa_flags=SA_RESTART|SA_SIGINFO
SIGHUP: [libjvm.dylib+0x5f0679], sa_mask[0]=11111111011111110111111111111111, sa_flags=SA_RESTART|SA_SIGINFO
SIGINT: [libjvm.dylib+0x5f0679], sa_mask[0]=11111111011111110111111111111111, sa_flags=SA_RESTART|SA_SIGINFO
SIGTERM: [libjvm.dylib+0x5f0679], sa_mask[0]=11111111011111110111111111111111, sa_flags=SA_RESTART|SA_SIGINFO
SIGQUIT: [libjvm.dylib+0x5f0679], sa_mask[0]=11111111011111110111111111111111, sa_flags=SA_RESTART|SA_SIGINFO


---------------  S Y S T E M  ---------------

OS:uname:Darwin 17.0.0 Darwin Kernel Version 17.0.0: Thu Aug 24 21:48:19 PDT 2017; root:xnu-4570.1.46~2/RELEASE_X86_64 x86_64
rlimit: STACK 8192k, CORE 0k, NPROC 709, NOFILE 10240, AS infinity
load average:1.78 2.11 2.07

CPU:total 4 (initial active 4) (2 cores per cpu, 2 threads per core) family 6 model 58 stepping 9, cmov, cx8, fxsr, mmx, sse, sse2, sse3, ssse3, sse4.1, sse4.2, popcnt, avx, aes, clmul, erms, ht, tsc, tscinvbit, tscinv

Memory: 4k page, physical 4194304k(72476k free)

vm_info: Java HotSpot(TM) 64-Bit Server VM (9.0.1+11) for bsd-amd64 JRE (9.0.1+11), built on Sep 28 2017 03:49:57 by "mach5one" with gcc 4.2.1 Compatible Apple LLVM 6.1.0 (clang-602.0.49)

END.
